<?xml version="1.0" encoding="UTF-8"?>
<!-- Generated by org.testng.reporters.JUnitReportReporter -->
<testsuite hostname="MLLLAPH001232-" failures="0" tests="4" name="MLL.TestCases.InBoundTest" time="92.381" errors="0" timestamp="2023-11-06T15:20:59 IST" skipped="0">
  <testcase classname="MLL.TestCases.InBoundTest" name="PreGrncreate" time="56.929"/>
  <system-out/>
  <testcase classname="MLL.TestCases.InBoundTest" name="convertToGrn" time="6.014"/>
  <system-out/>
  <testcase classname="MLL.TestCases.InBoundTest" name="PreGrnsearch" time="9.462"/>
  <system-out/>
  <testcase classname="MLL.TestCases.InBoundTest" name="GrnSearch" time="19.976"/>
  <system-out/>
</testsuite> <!-- MLL.TestCases.InBoundTest -->
